LIST OF STUDENTS AND GRADES

NAME		 ID		PERCENTAGE	GRADE
Abdullah     	 A19EE0180	85		A
LuDong       	 A19EE0160	70		B
Syarifah     	 AC12CS678	55		F
Sivarajah    	 AC12CS123	65		C
Wendy        	 B19EE0167	75		B
Chee Lee     	 A22EE0001	70		B
Mani Gaming  	 A22EE0002	75		B
Mahatir Mus  	 A22EE0003	70		B
Cik Suhaimi  	 A22EE0004	100		A
Harpie       	 A22EE0005	70		B
Mei Mei      	 A22EE0006	85		A
Honda Citi   	 A22EE0007	75		B
Siti Islam   	 A22EE0008	100		A
Ho Chi Minh  	 A22EE0009	85		A
Faker        	 A22EE0010	70		B
Jonas        	 A22EE0011	85		A
Jing Ying Ooi	 A22EE0012	100		A
Asriel       	 A22EE0013	55		F
Goku         	 A22EE0014	85		A
Marcus Chin  	 A22EE0015	75		B
Kepler       	 A22EE0016	75		B
Johnson Bush 	 A22EE0017	65		C
Van der Lcq  	 A22EE0018	75		B
Ricardo Milas	 A22EE0019	100		A
MingLee      	 A22EE0020	100		A
Sans Gaster  	 A22EE0021	100		A
The Dumb Guy 	 A22EE0022	20		F
